d:\projects\visual studio\ai-dungeongeneration\ai-dungeongeneration\debug\vc140.pdb
d:\projects\visual studio\ai-dungeongeneration\ai-dungeongeneration\debug\vc140.idb
d:\projects\visual studio\ai-dungeongeneration\ai-dungeongeneration\debug\comparenodes.obj
d:\projects\visual studio\ai-dungeongeneration\ai-dungeongeneration\debug\main.obj
d:\projects\visual studio\ai-dungeongeneration\ai-dungeongeneration\debug\node.obj
d:\projects\visual studio\ai-dungeongeneration\ai-dungeongeneration\debug\parent.obj
d:\projects\visual studio\ai-dungeongeneration\ai-dungeongeneration\debug\point2d.obj
d:\projects\visual studio\ai-dungeongeneration\ai-dungeongeneration\debug\room.obj
d:\projects\visual studio\ai-dungeongeneration\ai-dungeongeneration\debug\createmaze.obj
d:\projects\visual studio\ai-dungeongeneration\ai-dungeongeneration\debug\store.obj
d:\projects\visual studio\ai-dungeongeneration\ai-dungeongeneration\debug\player.obj
d:\projects\visual studio\ai-dungeongeneration\ai-dungeongeneration\debug\roomsmap.obj
d:\projects\visual studio\ai-dungeongeneration\ai-dungeongeneration\debug\roomsmapnode.obj
d:\projects\visual studio\ai-dungeongeneration\ai-dungeongeneration\debug\mazemap.obj
d:\projects\visual studio\ai-dungeongeneration\ai-dungeongeneration\debug\roommap.obj
d:\projects\visual studio\ai-dungeongeneration\ai-dungeongeneration\debug\roommapnode.obj
d:\projects\visual studio\ai-dungeongeneration\ai-dungeongeneration\debug\astar.obj
d:\projects\visual studio\ai-dungeongeneration\ai-dungeongeneration\debug\comparepoints.obj
d:\projects\visual studio\ai-dungeongeneration\ai-dungeongeneration\debug\point2d_hg.obj
d:\projects\visual studio\ai-dungeongeneration\ai-dungeongeneration\debug\targetnode.obj
d:\projects\visual studio\ai-dungeongeneration\debug\ai-dungeongeneration.pdb
d:\projects\visual studio\ai-dungeongeneration\ai-dungeongeneration\debug\ai-dunge.2e589c1b.tlog\cl.command.1.tlog
d:\projects\visual studio\ai-dungeongeneration\ai-dungeongeneration\debug\ai-dunge.2e589c1b.tlog\cl.read.1.tlog
d:\projects\visual studio\ai-dungeongeneration\ai-dungeongeneration\debug\ai-dunge.2e589c1b.tlog\cl.write.1.tlog
d:\projects\visual studio\ai-dungeongeneration\ai-dungeongeneration\debug\ai-dunge.2e589c1b.tlog\link-cvtres.read.1.tlog
d:\projects\visual studio\ai-dungeongeneration\ai-dungeongeneration\debug\ai-dunge.2e589c1b.tlog\link-cvtres.write.1.tlog
d:\projects\visual studio\ai-dungeongeneration\ai-dungeongeneration\debug\ai-dunge.2e589c1b.tlog\link-rc.read.1.tlog
d:\projects\visual studio\ai-dungeongeneration\ai-dungeongeneration\debug\ai-dunge.2e589c1b.tlog\link-rc.write.1.tlog
d:\projects\visual studio\ai-dungeongeneration\ai-dungeongeneration\debug\ai-dunge.2e589c1b.tlog\link.1420-cvtres.read.1.tlog
d:\projects\visual studio\ai-dungeongeneration\ai-dungeongeneration\debug\ai-dunge.2e589c1b.tlog\link.1420-cvtres.write.1.tlog
d:\projects\visual studio\ai-dungeongeneration\ai-dungeongeneration\debug\ai-dunge.2e589c1b.tlog\link.1420-rc.read.1.tlog
d:\projects\visual studio\ai-dungeongeneration\ai-dungeongeneration\debug\ai-dunge.2e589c1b.tlog\link.1420-rc.write.1.tlog
d:\projects\visual studio\ai-dungeongeneration\ai-dungeongeneration\debug\ai-dunge.2e589c1b.tlog\link.1420.read.1.tlog
d:\projects\visual studio\ai-dungeongeneration\ai-dungeongeneration\debug\ai-dunge.2e589c1b.tlog\link.1420.write.1.tlog
d:\projects\visual studio\ai-dungeongeneration\ai-dungeongeneration\debug\ai-dunge.2e589c1b.tlog\link.command.1.tlog
d:\projects\visual studio\ai-dungeongeneration\ai-dungeongeneration\debug\ai-dunge.2e589c1b.tlog\link.read.1.tlog
d:\projects\visual studio\ai-dungeongeneration\ai-dungeongeneration\debug\ai-dunge.2e589c1b.tlog\link.write.1.tlog
